<?xml version="1.0" encoding="UTF-8"?>
<!-- Generated by org.testng.reporters.JUnitReportReporter -->
<testsuite hostname="M260942XWG8WP" failures="0" tests="3" name="restapiamittest.TestRestClient" time="0.007" errors="0" timestamp="13 May 2018 07:19:03 GMT" skipped="0">
  <testcase classname="restapiamittest.TestRestClient" name="getTestStatusCode" time="0.004"/>
  <testcase classname="restapiamittest.TestRestClient" name="getTestDataForFirstElement" time="0.002"/>
  <testcase classname="restapiamittest.TestRestClient" name="getTestDataForSecondElement" time="0.001"/>
</testsuite> <!-- restapiamittest.TestRestClient -->
