<?xml version="1.0" encoding="UTF-8"?>
<!-- Generated by org.testng.reporters.JUnitReportReporter -->
<testsuite hostname="M260942XWG8WP" failures="0" tests="2" name="restapiamittest.TestRestPostClient" time="1.714" errors="0" timestamp="13 May 2018 07:19:03 GMT" skipped="0">
  <testcase classname="restapiamittest.TestRestPostClient" name="postAPITest" time="1.152"/>
  <testcase classname="restapiamittest.TestRestPostClient" name="putAPITest" time="0.562"/>
</testsuite> <!-- restapiamittest.TestRestPostClient -->
